Compiling the C compiler identification source file "CMakeCCompilerId.c" failed.
Compiler: /usr/bin/cc 
Build flags: 
Id flags: 

The output was:
1
/usr/lib/gcc/arm-linux-gnueabihf/6/../../../arm-linux-gnueabihf/crtn.o: file not recognized: File format not recognized
collect2: error: ld returned 1 exit status


Compiling the CXX compiler identification source file "CMakeCXXCompilerId.cpp" failed.
Compiler: /usr/bin/c++ 
Build flags: 
Id flags: 

The output was:
1
/usr/lib/gcc/arm-linux-gnueabihf/6/../../../arm-linux-gnueabihf/crtn.o: file not recognized: File format not recognized
collect2: error: ld returned 1 exit status


Determining if the C compiler works failed with the following output:
Change Dir: /home/debian/DriverTest_maxi/CMakeFiles/CMakeTmp

Run Build Command:"/usr/bin/make" "cmTC_a6ee2/fast"
/usr/bin/make -f CMakeFiles/cmTC_a6ee2.dir/build.make CMakeFiles/cmTC_a6ee2.dir/build
make[1]: Entering directory '/home/debian/DriverTest_maxi/CMakeFiles/CMakeTmp'
Building C object CMakeFiles/cmTC_a6ee2.dir/testCCompiler.c.o
/usr/bin/cc     -o CMakeFiles/cmTC_a6ee2.dir/testCCompiler.c.o   -c /home/debian/DriverTest_maxi/CMakeFiles/CMakeTmp/testCCompiler.c
Linking C executable cmTC_a6ee2
/usr/bin/cmake -E cmake_link_script CMakeFiles/cmTC_a6ee2.dir/link.txt --verbose=1
/usr/bin/cc       CMakeFiles/cmTC_a6ee2.dir/testCCompiler.c.o  -o cmTC_a6ee2 
/usr/lib/gcc/arm-linux-gnueabihf/6/../../../arm-linux-gnueabihf/crtn.o: file not recognized: File format not recognized
collect2: error: ld returned 1 exit status
CMakeFiles/cmTC_a6ee2.dir/build.make:97: recipe for target 'cmTC_a6ee2' failed
make[1]: *** [cmTC_a6ee2] Error 1
make[1]: Leaving directory '/home/debian/DriverTest_maxi/CMakeFiles/CMakeTmp'
Makefile:126: recipe for target 'cmTC_a6ee2/fast' failed
make: *** [cmTC_a6ee2/fast] Error 2


